"../../../SplashOfColour/Content/Blueprints/Widgets/PressToInteract.uasset" 0
"../../../SplashOfColour/Content/Geometry/Meshes/CubeMaterial.uasset" 1
"../../../SplashOfColour/Content/Geometry/Meshes/TemplateFloor.uasset" 2
"../../../SplashOfColour/Content/Menu/Menu/Button_Green.uasset" 3
"../../../SplashOfColour/Content/Menu/Menu/Button_Orange.uasset" 4
"../../../SplashOfColour/Content/Menu/Menu/Button_Pink.uasset" 5
"../../../SplashOfColour/Content/Menu/Menu/Button_Purple.uasset" 6
"../../../SplashOfColour/Content/Menu/Menu/Button_Red.uasset" 7
"../../../SplashOfColour/Content/Menu/Menu/Button_Yellow.uasset" 8
"../../../SplashOfColour/Content/Menu/Menu/LOGO_Design.uasset" 9
"../../../SplashOfColour/Content/Pickups/Model/Green_Bucket_UV.uasset" 10
"../../../SplashOfColour/Content/Pickups/Model/Green_Bucket_UV_Mat.uasset" 11
"../../../SplashOfColour/Content/Pickups/Model/Green_Bucket_FBX.uasset" 12
"../../../SplashOfColour/Content/Pickups/Model/Bucket_UV_Red.uasset" 13
"../../../SplashOfColour/Content/Pickups/Model/Bucket_UV_Red_Mat.uasset" 14
"../../../SplashOfColour/Content/Pickups/Model/Red_Bucket_FBX.uasset" 15
"../../../SplashOfColour/Content/Pickups/Model/Yellow_bucket_UV.uasset" 16
"../../../SplashOfColour/Content/Pickups/Model/Yellow_bucket_UV_Mat.uasset" 17
"../../../SplashOfColour/Content/Pickups/Model/Yellow_Bucket_Export.uasset" 18
"../../../SplashOfColour/Content/Sci_Fi_door/MetalTextures/m-009.uasset" 19
"../../../SplashOfColour/Content/Sci_Fi_door/MetalTextures/m-009_Mat.uasset" 20
"../../../Engine/Content/Functions/Engine_MaterialFunctions01/Opacity/CameraDepthFade.uasset" 21
"../../../Engine/Content/EngineMaterials/T_Default_Material_Grid_M.uasset" 22
"../../../Engine/Content/EngineMaterials/T_Default_Material_Grid_N.uasset" 23
"../../../Engine/Content/EngineMaterials/WorldGridMaterial.uasset" 24
"../../../Engine/Content/BasicShapes/Cube.uasset" 25
"../../../SplashOfColour/Content/Sci_Fi_door/Door.uasset" 26
"../../../SplashOfColour/Content/Sounds/260614__kwahmah-02__pop.uasset" 27
"../../../SplashOfColour/Content/Sounds/Background_Tune.uasset" 28
"../../../Engine/Content/EngineMaterials/DefaultMaterial.uasset" 29
"../../../Engine/Content/BasicShapes/Cone.uasset" 30
"../../../Engine/Content/BasicShapes/Cylinder.uasset" 31
"../../../Engine/Content/BasicShapes/Plane.uasset" 32
"../../../Engine/Content/BasicShapes/Sphere.uasset" 33
"../../../Engine/Content/EditorLandscapeResources/DataLayer.uasset" 34
"../../../Engine/Content/EditorMaterials/GizmoMaterial.uasset" 35
"../../../Engine/Content/EditorMaterials/MAT_Groups_Toggle.uasset" 36
"../../../Engine/Content/EditorMaterials/MAT_Groups_Visibility.uasset" 37
"../../../Engine/Content/EditorMaterials/PreviewShadowIndicator.uasset" 38
"../../../Engine/Content/EditorMaterials/PreviewShadowIndicatorMaterial.uasset" 39
"../../../Engine/Content/EditorMaterials/AssetViewer/EpicQuadPanorama_CC+EV1.uasset" 40
"../../../Engine/Content/EditorMaterials/MatineeGroups/MAT_ColorTrack.uasset" 41
"../../../Engine/Content/EditorMaterials/MatineeGroups/MAT_Groups_Anim.uasset" 42
"../../../Engine/Content/EditorMaterials/MatineeGroups/MAT_Groups_AudioMaster.uasset" 43
"../../../Engine/Content/EditorMaterials/MatineeGroups/MAT_Groups_Director.uasset" 44
"../../../Engine/Content/EditorMaterials/MatineeGroups/MAT_Groups_Event.uasset" 45
"../../../Engine/Content/EditorMaterials/MatineeGroups/MAT_Groups_Fade.uasset" 46
"../../../Engine/Content/EditorMaterials/MatineeGroups/MAT_Groups_Float.uasset" 47
"../../../Engine/Content/EditorMaterials/MatineeGroups/MAT_Groups_Move.uasset" 48
"../../../Engine/Content/EditorMaterials/MatineeGroups/MAT_Groups_Slomo.uasset" 49
"../../../Engine/Content/EditorMaterials/MatineeGroups/MAT_Groups_Sound.uasset" 50
"../../../Engine/Content/EditorMaterials/MatineeGroups/MAT_Groups_Vector.uasset" 51
"../../../Engine/Content/EditorMaterials/ParticleSystems/PSysThumbnail_NoImage.uasset" 52
"../../../Engine/Content/EditorMaterials/ParticleSystems/PSysThumbnail_OOD.uasset" 53
"../../../Engine/Content/EditorMaterials/Camera/CineMat.uasset" 54
"../../../Engine/Content/EditorMaterials/Camera/MI_CineMat_Rig.uasset" 55
"../../../Engine/Content/EditorMeshes/Camera/SM_CraneRig_Arm.uasset" 56
"../../../Engine/Content/EditorMeshes/Camera/SM_CraneRig_Base.uasset" 57
"../../../Engine/Content/EditorMeshes/Camera/SM_CraneRig_Body.uasset" 58
"../../../Engine/Content/EditorMeshes/Camera/SM_CraneRig_Mount.uasset" 59
"../../../Engine/Content/EditorMeshes/Camera/SM_RailRig_Mount.uasset" 60
"../../../Engine/Content/EditorMeshes/Camera/SM_RailRig_Track.uasset" 61
"../../../Engine/Content/EditorMeshes/ColorCalibrator/M_ChromeBall.uasset" 62
"../../../Engine/Content/EditorMeshes/ColorCalibrator/M_ClearCoat.uasset" 63
"../../../Engine/Content/EditorMeshes/ColorCalibrator/M_ClearCoatBlack.uasset" 64
"../../../Engine/Content/EditorMeshes/ColorCalibrator/T_ColorGrid.uasset" 65
"../../../Engine/Content/EditorMeshes/ColorCalibrator/M_ColorGrid.uasset" 66
"../../../Engine/Content/EditorMeshes/ColorCalibrator/M_GreyBall.uasset" 67
"../../../Engine/Content/EditorMeshes/ColorCalibrator/SM_ColorCalibrator.uasset" 68
"../../../Engine/Content/EditorResources/BSPVertex.uasset" 69
"../../../Engine/Content/EditorResources/EmptyActor.uasset" 70
"../../../Engine/Content/EditorResources/S_Actor.uasset" 71
"../../../Engine/Content/EditorResources/S_Trigger.uasset" 72
"../../../Engine/Content/EditorResources/AudioIcons/S_AudioComponent_AutoActivate.uasset" 73
"../../../Engine/Content/EditorResources/LightIcons/S_LightError.uasset" 74
"../../../Engine/Content/EditorResources/SequenceRecorder/Countdown.uasset" 75
"../../../Engine/Content/EditorResources/SequenceRecorder/RecordingIndicator.uasset" 76
"../../../Engine/Content/EditorSounds/Notifications/CompileFailed.uasset" 77
"../../../Engine/Content/EditorSounds/Notifications/CompileFailed_Cue.uasset" 78
"../../../Engine/Content/EditorSounds/Notifications/CompileSuccess.uasset" 79
"../../../Engine/Content/EditorSounds/Notifications/CompileStart_Cue.uasset" 80
"../../../Engine/Content/EditorSounds/Notifications/CompileSuccess_Cue.uasset" 81
"../../../Engine/Content/EngineDamageTypes/DmgTypeBP_Environmental.uasset" 82
"../../../Engine/Content/EngineDebugMaterials/HeatmapGradient.uasset" 83
"../../../Engine/Content/EngineDebugMaterials/BoneWeightMaterial.uasset" 84
"../../../Engine/Content/EngineDebugMaterials/ClothMaterial.uasset" 85
"../../../Engine/Content/EngineDebugMaterials/DebugMeshMaterial.uasset" 86
"../../../Engine/Content/EngineDebugMaterials/GeomMaterial.uasset" 87
"../../../Engine/Content/EngineFonts/Faces/RobotoBold.uasset" 88
"../../../Engine/Content/EngineFonts/Faces/RobotoBoldItalic.uasset" 89
"../../../Engine/Content/EngineFonts/Faces/RobotoItalic.uasset" 90
"../../../Engine/Content/EngineFonts/Faces/RobotoLight.uasset" 91
"../../../Engine/Content/EngineFonts/Faces/RobotoRegular.uasset" 92
"../../../Engine/Content/EngineFonts/Roboto.uasset" 93
"../../../Engine/Content/EngineFonts/Faces/RobotoTiny.uasset" 94
"../../../Engine/Content/EngineFonts/RobotoTiny.uasset" 95
"../../../Engine/Content/EngineMaterials/DefaultBloomKernel.uasset" 96
"../../../Engine/Content/EngineMaterials/DefaultBokeh.uasset" 97
"../../../Engine/Content/EngineMaterials/DefaultDiffuse.uasset" 98
"../../../Engine/Content/EngineMaterials/DefaultDeferredDecalMaterial.uasset" 99
"../../../Engine/Content/EngineMaterials/DefaultLightFunctionMaterial.uasset" 100
"../../../Engine/Content/EngineMaterials/DefaultPhysicalMaterial.uasset" 101
"../../../Engine/Content/Functions/Engine_MaterialFunctions02/Utility/BreakOutFloat2Components.uasset" 102
"../../../Engine/Content/EngineMaterials/DefaultPostProcessMaterial.uasset" 103
"../../../Engine/Content/EngineFonts/RobotoDistanceField.uasset" 104
"../../../Engine/Content/EngineMaterials/DefaultTextMaterialOpaque.uasset" 105
"../../../Engine/Content/EngineMaterials/DefaultWhiteGrid.uasset" 106
"../../../Engine/Content/EngineMaterials/EditorBrushMaterial.uasset" 107
"../../../Engine/Content/EngineMaterials/Good64x64TilingNoiseHighFreq.uasset" 108
"../../../Engine/Content/EngineMaterials/MiniFont.uasset" 109
"../../../Engine/Content/EngineMaterials/InvalidLightmapSettings.uasset" 110
"../../../Engine/Content/EngineMaterials/M_InvalidLightmapSettings.uasset" 111
"../../../Engine/Content/EngineMaterials/PhAT_JointLimitMaterial.uasset" 112
"../../../Engine/Content/EngineMaterials/PreintegratedSkinBRDF.uasset" 113
"../../../Engine/Content/EngineMaterials/RemoveSurfaceMaterial.uasset" 114
"../../../Engine/Content/EngineMaterials/WeightMapPlaceholderTexture.uasset" 115
"../../../Engine/Content/EngineResources/WhiteSquareTexture.uasset" 116
"../../../Engine/Content/EngineMaterials/Widget3DPassThrough.uasset" 117
"../../../Engine/Content/EngineMaterials/Widget3DPassThrough_Masked.uasset" 118
"../../../Engine/Content/EngineMaterials/Widget3DPassThrough_Opaque.uasset" 119
"../../../Engine/Content/EngineMaterials/Widget3DPassThrough_Masked_OneSided.uasset" 120
"../../../Engine/Content/EngineMaterials/Widget3DPassThrough_Opaque_OneSided.uasset" 121
"../../../Engine/Content/EngineMaterials/Widget3DPassThrough_Translucent.uasset" 122
"../../../Engine/Content/EngineMaterials/Widget3DPassThrough_Translucent_OneSided.uasset" 123
"../../../Engine/Content/EngineMeshes/Cube.uasset" 124
"../../../Engine/Content/EngineMeshes/Cylinder.uasset" 125
"../../../Engine/Content/EngineMeshes/Sphere.uasset" 126
"../../../Engine/Content/EngineResources/Black.uasset" 127
"../../../Engine/Content/EngineResources/DefaultTexture.uasset" 128
"../../../Engine/Content/EngineResources/DefaultTextureCube.uasset" 129
"../../../Engine/Content/EngineResources/GradientTexture0.uasset" 130
"../../../Engine/Content/EngineSounds/Master.uasset" 131
"../../../Engine/Content/Functions/Engine_MaterialFunctions01/Shading/ConvertFromDiffSpec.uasset" 132
"../../../Engine/Content/Functions/Engine_MaterialFunctions01/Shading/PowerToRoughness.uasset" 133
"../../../Engine/Content/Maps/Templates/Thumbnails/Default.uasset" 134
"../../../Engine/Content/Maps/Templates/Thumbnails/VR-Basic.uasset" 135
"../../../Engine/Content/MobileResources/T_MobileControls_texture.uasset" 136
"../../../Engine/Content/MobileResources/T_MobileMenu2.uasset" 137
"../../../Engine/Content/MobileResources/HUD/AnalogHat.uasset" 138
"../../../Engine/Content/MobileResources/HUD/VirtualJoystick_Background.uasset" 139
"../../../Engine/Content/MobileResources/HUD/VirtualJoystick_Thumb.uasset" 140
"../../../Engine/Content/MobileResources/HUD/DefaultVirtualJoysticks.uasset" 141
"../../../Engine/Content/MobileResources/HUD/LeftVirtualJoystickOnly.uasset" 142
"../../../Engine/Content/MobileResources/HUD/MobileHUDButton1_off.uasset" 143
"../../../Engine/Content/MobileResources/HUD/MobileHUDButton1_on.uasset" 144
"../../../Engine/Content/MobileResources/HUD/MobileHUDButton2_off.uasset" 145
"../../../Engine/Content/MobileResources/HUD/MobileHUDButton2_on.uasset" 146
"../../../Engine/Content/MobileResources/HUD/MobileHUDButton3.uasset" 147
"../../../Engine/Content/MobileResources/HUD/MobileHUDButtonFire.uasset" 148
"../../../Engine/Content/MobileResources/HUD/MobileHUDDirectionPad.uasset" 149
"../../../Engine/Content/MobileResources/HUD/MobileHUDDirectionPad2.uasset" 150
"../../../Engine/Content/MobileResources/HUD/MobileHUDDirectionPad3.uasset" 151
"../../../Engine/Content/MobileResources/HUD/MobileHUDDirectionStick.uasset" 152
"../../../Engine/Content/MobileResources/HUD/T_Castle_ThumbstickInner.uasset" 153
"../../../Engine/Content/MobileResources/HUD/T_Castle_ThumbstickOutter.uasset" 154
"../../../Engine/Content/Tutorial/ContentIntroCurve.uasset" 155
"../../../Engine/Content/Tutorial/Basics/TutorialAssets/icon_tab_Levels_40x.uasset" 156
"../../../Engine/Content/Tutorial/BlueprintTutorials/TutorialAssets/BlueprintInterface_64x.uasset" 157
"../../../Engine/Content/Tutorial/BlueprintTutorials/TutorialAssets/BlueprintMacroLibrary_64x.uasset" 158
"../../../Engine/Content/Tutorial/BlueprintTutorials/TutorialAssets/Blueprint_64x.uasset" 159
"../../../Engine/Content/Tutorial/BlueprintTutorials/TutorialAssets/Tutorial_BP_Interface.uasset" 160
"../../../Engine/Content/Tutorial/Foliage/TutorialAssets/Foliage.uasset" 161
"../../../Engine/Content/Tutorial/Landscape/TutorialAssets/Landscape.uasset" 162
"../../../Engine/Content/Tutorial/Paper2D/TutorialAssets/Paper2DFlipbook_TutorialIcon.uasset" 163
"../../../Engine/Content/Tutorial/Paper2D/TutorialAssets/Paper2DSprite_TutorialIcon.uasset" 164
"../../../Engine/Content/Tutorial/SubEditors/TutorialAssets/icon_Editor_Preferences_General_40x.uasset" 165
"../../../Engine/Content/Tutorial/SubEditors/TutorialAssets/icon_ShowSkeletalMeshes_40x.uasset" 166
"../../../Engine/Content/Tutorial/SubEditors/TutorialAssets/TutorialMaterial.uasset" 167
"../../../Engine/Content/Tutorial/SubEditors/TutorialAssets/T_SmokeSubUV_8X8.uasset" 168
"../../../Engine/Content/Tutorial/SubEditors/TutorialAssets/T_soft_smoke.uasset" 169
"../../../Engine/Content/Tutorial/SubEditors/TutorialAssets/M_smoke_subUV_blackbody.uasset" 170
"../../../Engine/Content/Tutorial/SubEditors/TutorialAssets/TutorialParticleSystem.uasset" 171
"../../../Engine/Content/EditorMeshes/EditorCube.uasset" 172
"../../../Engine/Content/Tutorial/SubEditors/TutorialAssets/Tutorial_DM.uasset" 173
"../../../Engine/Content/VREditor/Devices/Generic/GenericHMDMaterial.uasset" 174
"../../../Engine/Content/VREditor/Devices/Generic/GenericHMD.uasset" 175
"../../../Engine/Content/VREditor/FloatingText/LineMaterial.uasset" 176
"../../../Engine/Content/VREditor/FloatingText/JointSphere.uasset" 177
"../../../Engine/Content/VREditor/FloatingText/LineSegmentCylinder.uasset" 178
"../../../Engine/Content/VREditor/Fonts/VRText_RobotoLarge.uasset" 179
"../../../Engine/Content/VREditor/Fonts/VRTextMaterial.uasset" 180
"../../../Engine/Content/VREditor/Fonts/TranslucentVRTextMaterial.uasset" 181
"../../../Engine/Content/VREditor/LaserPointer/VR_LaserPower_01.uasset" 182
"../../../Engine/Content/VREditor/TransformGizmo/TransformGizmoMaterial.uasset" 183
"../../../Engine/Content/VREditor/LaserPointer/HoverMaterial.uasset" 184
"../../../Engine/Content/VREditor/TransformGizmo/TranslucentTransformGizmoMaterial.uasset" 185
"../../../Engine/Content/VREditor/LaserPointer/TranslucentHoverMaterial.uasset" 186
"../../../Engine/Content/VREditor/LaserPointer/HoverMesh.uasset" 187
"../../../Engine/Content/VREditor/LaserPointer/LaserPointerMaterial.uasset" 188
"../../../Engine/Content/VREditor/LaserPointer/LaserPointerMaterialInst.uasset" 189
"../../../Engine/Content/VREditor/LaserPointer/TranslucentLaserPointerMaterialInst.uasset" 190
"../../../Engine/Content/VREditor/LaserPointer/LaserPointerMesh.uasset" 191
"../../../Engine/Content/VREditor/LaserPointer/LaserPointerMesh_End.uasset" 192
"../../../Engine/Content/VREditor/LaserPointer/LaserPointerMesh_Start.uasset" 193
"../../../Engine/Content/Functions/Engine_MaterialFunctions02/Utility/BreakOutFloat3Components.uasset" 194
"../../../Engine/Content/Functions/Engine_MaterialFunctions02/Math/Transform3x3Matrix.uasset" 195
"../../../Engine/Content/Functions/Engine_MaterialFunctions02/SplitComponents.uasset" 196
"../../../Engine/Content/Functions/Engine_MaterialFunctions02/Utility/MakeFloat3.uasset" 197
"../../../Engine/Content/VREditor/SnapGrid/SnapGridMaterial.uasset" 198
"../../../Engine/Content/VREditor/SnapGrid/SnapGridPlaneMesh.uasset" 199
"../../../Engine/Content/VREditor/Sounds/VR_teleport_Cue.uasset" 200
"../../../Engine/Content/VREditor/Sounds/UI/Click_on_Button_Cue.uasset" 201
"../../../Engine/Content/VREditor/Sounds/UI/Dockable_Window_Close.uasset" 202
"../../../Engine/Content/VREditor/Sounds/UI/Dockable_Window_Drop.uasset" 203
"../../../Engine/Content/VREditor/Sounds/UI/Dockable_Window_Open.uasset" 204
"../../../Engine/Content/VREditor/Sounds/UI/Dockable_Window_Pick_Up.uasset" 205
"../../../Engine/Content/VREditor/Sounds/UI/Drop_Item_From_ContentBrowser.uasset" 206
"../../../Engine/Content/VREditor/Sounds/UI/Floating_UI_Open-001.uasset" 207
"../../../Engine/Content/VREditor/Sounds/UI/Gizmo_Handle_Clicked.uasset" 208
"../../../Engine/Content/VREditor/Sounds/UI/Object_PickUp.uasset" 209
"../../../Engine/Content/VREditor/Sounds/UI/Object_Snaps_To_Another_Actor.uasset" 210
"../../../Engine/Content/VREditor/Sounds/UI/Object_Snaps_To_Grid.uasset" 211
"../../../Engine/Content/VREditor/Sounds/UI/Radial_Menu_FadeOut.uasset" 212
"../../../Engine/Content/VREditor/Sounds/UI/Scaling_Down.uasset" 213
"../../../Engine/Content/VREditor/Sounds/UI/Scaling_Up.uasset" 214
"../../../Engine/Content/VREditor/Sounds/UI/Selection_Changes.uasset" 215
"../../../Engine/Content/VREditor/Sounds/UI/Teleport_Mode_Entered.uasset" 216
"../../../Engine/Content/VREditor/Teleport/TeleportDirectionMaterial.uasset" 217
"../../../Engine/Content/VREditor/Teleport/TeleportDirectionMaterial_Inst.uasset" 218
"../../../Engine/Content/VREditor/Teleport/TeleportDirectionMesh.uasset" 219
"../../../Engine/Content/VREditor/TransformGizmo/BoundingBoxCorner.uasset" 220
"../../../Engine/Content/VREditor/TransformGizmo/BoundingBoxEdge.uasset" 221
"../../../Engine/Content/VREditor/TransformGizmo/PlaneTranslationHandle.uasset" 222
"../../../Engine/Content/VREditor/TransformGizmo/RotationHandle.uasset" 223
"../../../Engine/Content/VREditor/TransformGizmo/RotationHandleFull.uasset" 224
"../../../Engine/Content/VREditor/TransformGizmo/RotationHandleIndicator.uasset" 225
"../../../Engine/Content/VREditor/TransformGizmo/RotationHandleQuarter.uasset" 226
"../../../Engine/Content/VREditor/TransformGizmo/Main.uasset" 227
"../../../Engine/Content/VREditor/TransformGizmo/Xray.uasset" 228
"../../../Engine/Content/VREditor/TransformGizmo/SM_Dialog_Close.uasset" 229
"../../../Engine/Content/VREditor/TransformGizmo/SM_Dialog_Move.uasset" 230
"../../../Engine/Content/VREditor/TransformGizmo/SM_Sequencer_Key.uasset" 231
"../../../Engine/Content/VREditor/TransformGizmo/StartRotationHandleIndicator.uasset" 232
"../../../Engine/Content/VREditor/TransformGizmo/TransformGizmoMaterial_Inst.uasset" 233
"../../../Engine/Content/VREditor/TransformGizmo/TranslateArrowHandle.uasset" 234
"../../../Engine/Content/VREditor/TransformGizmo/TranslationHandle.uasset" 235
"../../../Engine/Content/VREditor/TransformGizmo/TranslucentTransformGizmoMaterial_Inst.uasset" 236
"../../../Engine/Content/VREditor/TransformGizmo/UniformScaleHandle.uasset" 237
"../../../Engine/Content/VREditor/UI/KeyDiskMaterial.uasset" 238
"../../../Engine/Content/VREditor/UI/DiscMaterial.uasset" 239
"../../../Engine/Content/VREditor/UI/SM_Radial_Disk.uasset" 240
"../../../Engine/Content/Functions/Engine_MaterialFunctions01/Gradient/RadialGradient.uasset" 241
"../../../Engine/Content/VREditor/WorldMovementGrid/SimpleGrid.uasset" 242
"../../../Engine/Content/VREditor/WorldMovementGrid/GridMaterial.uasset" 243
"../../../Engine/Content/Functions/Engine_MaterialFunctions01/Density/ExponentialDensity.uasset" 244
"../../../Engine/Content/VREditor/WorldMovementGrid/GridPostProcess.uasset" 245
"../../../Engine/Content/EditorLandscapeResources/FlattenHeightMat.uasset" 246
"../../../Engine/Content/VREditor/WorldMovementGrid/PlaneMesh.uasset" 247
"../../../Engine/Plugins/2D/Paper2D/Content/DummySprite.uasset" 248
"../../../Engine/Plugins/2D/Paper2D/Content/DefaultPaperTerrainMaterial.uasset" 249
"../../../Engine/Plugins/2D/Paper2D/Content/DefaultSpriteMaterial.uasset" 250
"../../../Engine/Plugins/2D/Paper2D/Content/MaskedUnlitSpriteMaterial.uasset" 251
"../../../Engine/Plugins/2D/Paper2D/Content/OpaqueUnlitSpriteMaterial.uasset" 252
"../../../Engine/Plugins/2D/Paper2D/Content/PlaceholderTextures/DummySpriteTexture.uasset" 253
"../../../Engine/Plugins/Runtime/GearVR/Content/Textures/GearVRController_AO.uasset" 254
"../../../Engine/Plugins/Runtime/GearVR/Content/Textures/GearVRController_Color.uasset" 255
"../../../Engine/Plugins/Runtime/GearVR/Content/Textures/GearVRController_Normal.uasset" 256
"../../../Engine/Plugins/Runtime/GearVR/Content/Materials/GearVRControllerMaterial.uasset" 257
"../../../Engine/Plugins/Runtime/GearVR/Content/Meshes/GearVrController.uasset" 258
"../../../Engine/Content/EditorBlueprintResources/StandardMacros.uasset" 259
"../../../SplashOfColour/Content/Blueprints/TwinStickInstance.uasset" 260
"../../../SplashOfColour/Content/Menu/Menu/Button_Blue.uasset" 261
"../../../SplashOfColour/Content/Menu/Menu/Button_Light_Blue.uasset" 262
"../../../SplashOfColour/Content/Menu/Menu/Button_Light_Blue_To_purple.uasset" 263
"../../../SplashOfColour/Content/Menu/Menu/Game_Over.uasset" 264
"../../../SplashOfColour/Content/TwinStickBP/Maps/Game_over.umap" 265
"../../../SplashOfColour/Content/Menu/Menu/enum_uiChoices.uasset" 266
"../../../SplashOfColour/Content/Menu/Menu/LOGO_Design_New.uasset" 267
"../../../SplashOfColour/Content/Menu/Menu/Paint_for_menu.uasset" 268
"../../../SplashOfColour/Content/Menu/Menu/paint_for_menu_2.uasset" 269
"../../../SplashOfColour/Content/Menu/Menu/MainMenu.uasset" 270
"../../../SplashOfColour/Content/TwinStickBP/Maps/Main_menu.umap" 271
"../../../SplashOfColour/Content/paint/mat_paint.uasset" 272
"../../../Engine/Content/Functions/Engine_MaterialFunctions01/Gradient/RadialGradientExponential.uasset" 273
"../../../SplashOfColour/Content/paint/dcl_Paint.uasset" 274
"../../../SplashOfColour/Content/paint/dcl_pBlue.uasset" 275
"../../../SplashOfColour/Content/paint/dcl_pGreen.uasset" 276
"../../../SplashOfColour/Content/paint/dcl_pRed.uasset" 277
"../../../SplashOfColour/Content/paint/dcl_pYellow.uasset" 278
"../../../SplashOfColour/Content/paint/enum_Paint.uasset" 279
"../../../SplashOfColour/Content/paint/ps_SplatBlue.uasset" 280
"../../../SplashOfColour/Content/paint/ps_SplatGreen.uasset" 281
"../../../SplashOfColour/Content/paint/ps_SplatRed.uasset" 282
"../../../SplashOfColour/Content/paint/ps_SplatYellow.uasset" 283
"../../../SplashOfColour/Content/Sounds/Enemy_death_Pop.uasset" 284
"../../../SplashOfColour/Content/TwinStick/Meshes/BaseMaterial.uasset" 285
"../../../SplashOfColour/Content/TwinStick/Meshes/OrangeMaterial.uasset" 286
"../../../SplashOfColour/Content/TwinStick/Meshes/TwinStickProjectile.uasset" 287
"../../../SplashOfColour/Content/enemy/bp_enemyTest.uasset" 288
"../../../SplashOfColour/Content/TwinStickBP/Blueprints/TwinStickProjectile.uasset" 289
"../../../SplashOfColour/Content/Menu/Menu/new_HUD.uasset" 290
"../../../SplashOfColour/Content/Menu/Menu/Pause_menu.uasset" 291
"../../../SplashOfColour/Content/Sounds/Splash_Shot.uasset" 292
"../../../SplashOfColour/Content/TwinStick/Audio/TwinStickFire.uasset" 293
"../../../SplashOfColour/Content/TwinStick/Meshes/BlueMaterial.uasset" 294
"../../../SplashOfColour/Content/TwinStick/Meshes/TwinStickUFO.uasset" 295
"../../../SplashOfColour/Content/TwinStickBP/Blueprints/TwinStickPawn.uasset" 296
"../../../Engine/Content/EngineSky/C_Sky_Cloud_Color.uasset" 297
"../../../Engine/Content/EngineSky/C_Sky_Horizon_Color.uasset" 298
"../../../Engine/Content/EngineSky/C_Sky_Zenith_Color.uasset" 299
"../../../Engine/Content/EngineSky/T_Sky_Blue.uasset" 300
"../../../Engine/Content/EngineSky/T_Sky_Clouds_M.uasset" 301
"../../../Engine/Content/EngineSky/T_Sky_Stars.uasset" 302
"../../../Engine/Content/EngineSky/M_Sky_Panning_Clouds2.uasset" 303
"../../../Engine/Content/EngineSky/SM_SkySphere.uasset" 304
"../../../Engine/Content/EngineSky/BP_Sky_Sphere.uasset" 305
"../../../SplashOfColour/Content/enemy/bp_enemySpawner.uasset" 306
"../../../SplashOfColour/Content/enemy/bp_enemyCharger.uasset" 307
"../../../SplashOfColour/Content/enemy/bp_hordeSpawner.uasset" 308
"../../../SplashOfColour/Content/Pickups/Model/Blue_Bucket_UV.uasset" 309
"../../../SplashOfColour/Content/Pickups/Model/Bucket_UV.uasset" 310
"../../../SplashOfColour/Content/Pickups/Model/Blue_Bucket_FBX.uasset" 311
"../../../SplashOfColour/Content/Pickups/Blue_Pickup.uasset" 312
"../../../SplashOfColour/Content/Pickups/Green_Pickup.uasset" 313
"../../../SplashOfColour/Content/Pickups/Model/Health_Logo_UV.uasset" 314
"../../../SplashOfColour/Content/Pickups/Model/blinn1.uasset" 315
"../../../SplashOfColour/Content/Pickups/Model/Health.uasset" 316
"../../../SplashOfColour/Content/Pickups/Health_Pickup.uasset" 317
"../../../SplashOfColour/Content/Pickups/Red_Pickup.uasset" 318
"../../../SplashOfColour/Content/Pickups/Yellow_Pickup.uasset" 319
"../../../SplashOfColour/Content/TwinStickBP/Blueprints/TwinStickGameMode.uasset" 320
"../../../SplashOfColour/Content/TwinStickBP/Maps/Stephen_Map_BuiltData.uasset" 321
"../../../SplashOfColour/Content/paint/mat_World.uasset" 322
"../../../SplashOfColour/Content/Geometry/Meshes/1M_Cube.uasset" 323
"../../../SplashOfColour/Content/Sounds/Mystery_Mammal_-_04_-_Xanadont.uasset" 324
"../../../SplashOfColour/Content/Sounds/background_tune_Cue.uasset" 325
"../../../SplashOfColour/Content/TwinStickBP/Maps/Stephen_Map.umap" 326
"../../../SplashOfColour/Content/TwinStickBP/Maps/TwinStickExampleMap_BuiltData.uasset" 327
"../../../SplashOfColour/Content/Geometry/Meshes/1M_Cube_Chamfer.uasset" 328
"../../../SplashOfColour/Content/TwinStickBP/Maps/TwinStickExampleMap.umap" 329
"../../../Engine/Content/Maps/Entry.umap" 330
